<?xml version="1.0" encoding="UTF-8" ?>
<testsuite failures="0" time="0.565" errors="0" skipped="0" tests="8" name="TestSuite">
  <properties>
[...]
</properties>
  <testcase time="0.018" classname="com.promcio.tests.EmployeeManagerTest" name="testAddEmployee"/>
  <testcase time="0" classname="com.promcio.tests.EmployeeManagerTest" name="testAddEmployeeDetails"/>
  <testcase time="0" classname="com.promcio.tests.EmployeeManagerTest" name="testAddEmployment"/>
  <testcase time="0" classname="com.promcio.tests.EmployeeManagerTest" name="testAddRank"/>
  <testcase time="0" classname="com.promcio.tests.EmployeeManagerTest" name="testRemoveEmployee"/>
  <testcase time="0" classname="com.promcio.tests.EmployeeManagerTest" name="testRemoveEmployeeDetails"/>
  <testcase time="0" classname="com.promcio.tests.EmployeeManagerTest" name="testRemoveEmployment"/>
  <testcase time="0" classname="com.promcio.tests.EmployeeManagerTest" name="testRemoveRank"/>
</testsuite>